2026-03-20 01:30:36.872 ERROR [SpringApplicationShutdownHook] o.h.t.s.i.SchemaDropperImpl$DelayedDropActionImpl - HHH000478: Unsuccessful: drop table if exists gsc.admin_permission CASCADE 
2026-03-20 01:30:36.880 ERROR [SpringApplicationShutdownHook] o.h.t.s.i.SchemaDropperImpl$DelayedDropActionImpl - HHH000478: Unsuccessful: drop table if exists gsc.admin_points_reset CASCADE 
2026-03-20 01:30:36.880 ERROR [SpringApplicationShutdownHook] o.h.t.s.i.SchemaDropperImpl$DelayedDropActionImpl - HHH000478: Unsuccessful: drop table if exists gsc.bill_notes CASCADE 
2026-03-20 01:30:36.881 ERROR [SpringApplicationShutdownHook] o.h.t.s.i.SchemaDropperImpl$DelayedDropActionImpl - HHH000478: Unsuccessful: drop table if exists gsc.bill_product CASCADE 
2026-03-20 01:30:36.881 ERROR [SpringApplicationShutdownHook] o.h.t.s.i.SchemaDropperImpl$DelayedDropActionImpl - HHH000478: Unsuccessful: drop table if exists gsc.bill_type CASCADE 
2026-03-20 01:30:36.881 ERROR [SpringApplicationShutdownHook] o.h.t.s.i.SchemaDropperImpl$DelayedDropActionImpl - HHH000478: Unsuccessful: drop table if exists gsc.c_account_type CASCADE 
2026-03-20 01:30:36.881 ERROR [SpringApplicationShutdownHook] o.h.t.s.i.SchemaDropperImpl$DelayedDropActionImpl - HHH000478: Unsuccessful: drop table if exists gsc.c_bill_status CASCADE 
2026-03-20 01:30:36.881 ERROR [SpringApplicationShutdownHook] o.h.t.s.i.SchemaDropperImpl$DelayedDropActionImpl - HHH000478: Unsuccessful: drop table if exists gsc.c_bills_status_text CASCADE 
2026-03-20 01:30:36.881 ERROR [SpringApplicationShutdownHook] o.h.t.s.i.SchemaDropperImpl$DelayedDropActionImpl - HHH000478: Unsuccessful: drop table if exists gsc.discount_type CASCADE 
2026-03-20 01:30:36.881 ERROR [SpringApplicationShutdownHook] o.h.t.s.i.SchemaDropperImpl$DelayedDropActionImpl - HHH000478: Unsuccessful: drop table if exists gsc.featured_brands CASCADE 
2026-03-20 01:30:36.881 ERROR [SpringApplicationShutdownHook] o.h.t.s.i.SchemaDropperImpl$DelayedDropActionImpl - HHH000478: Unsuccessful: drop table if exists gsc.job_card CASCADE 
2026-03-20 01:30:36.881 ERROR [SpringApplicationShutdownHook] o.h.t.s.i.SchemaDropperImpl$DelayedDropActionImpl - HHH000478: Unsuccessful: drop table if exists gsc.job_card_images CASCADE 
2026-03-20 01:30:36.882 ERROR [SpringApplicationShutdownHook] o.h.t.s.i.SchemaDropperImpl$DelayedDropActionImpl - HHH000478: Unsuccessful: drop table if exists gsc.job_card_notes CASCADE 
2026-03-20 01:30:36.882 ERROR [SpringApplicationShutdownHook] o.h.t.s.i.SchemaDropperImpl$DelayedDropActionImpl - HHH000478: Unsuccessful: drop table if exists gsc.job_card_product CASCADE 
2026-03-20 01:30:36.882 ERROR [SpringApplicationShutdownHook] o.h.t.s.i.SchemaDropperImpl$DelayedDropActionImpl - HHH000478: Unsuccessful: drop table if exists gsc.oe_number CASCADE 
2026-03-20 01:30:36.882 ERROR [SpringApplicationShutdownHook] o.h.t.s.i.SchemaDropperImpl$DelayedDropActionImpl - HHH000478: Unsuccessful: drop table if exists gsc.p_oe_number CASCADE 
2026-03-20 01:30:36.882 ERROR [SpringApplicationShutdownHook] o.h.t.s.i.SchemaDropperImpl$DelayedDropActionImpl - HHH000478: Unsuccessful: drop table if exists gsc.product_details_view CASCADE 
2026-03-20 01:30:36.882 ERROR [SpringApplicationShutdownHook] o.h.t.s.i.SchemaDropperImpl$DelayedDropActionImpl - HHH000478: Unsuccessful: drop table if exists gsc.product_images CASCADE 
2026-03-20 01:30:36.882 ERROR [SpringApplicationShutdownHook] o.h.t.s.i.SchemaDropperImpl$DelayedDropActionImpl - HHH000478: Unsuccessful: drop table if exists gsc.product_manufacturer CASCADE 
2026-03-20 01:30:36.882 ERROR [SpringApplicationShutdownHook] o.h.t.s.i.SchemaDropperImpl$DelayedDropActionImpl - HHH000478: Unsuccessful: drop table if exists gsc.product_model CASCADE 
2026-03-20 01:30:36.882 ERROR [SpringApplicationShutdownHook] o.h.t.s.i.SchemaDropperImpl$DelayedDropActionImpl - HHH000478: Unsuccessful: drop table if exists gsc.product_model_seller_brand CASCADE 
2026-03-20 01:30:36.882 ERROR [SpringApplicationShutdownHook] o.h.t.s.i.SchemaDropperImpl$DelayedDropActionImpl - HHH000478: Unsuccessful: drop table if exists gsc.product_oe_number CASCADE 
2026-03-20 01:30:36.883 ERROR [SpringApplicationShutdownHook] o.h.t.s.i.SchemaDropperImpl$DelayedDropActionImpl - HHH000478: Unsuccessful: drop table if exists gsc.product_type CASCADE 
2026-03-20 01:30:36.883 ERROR [SpringApplicationShutdownHook] o.h.t.s.i.SchemaDropperImpl$DelayedDropActionImpl - HHH000478: Unsuccessful: drop table if exists gsc.product_vehicle CASCADE 
2026-03-20 01:30:36.883 ERROR [SpringApplicationShutdownHook] o.h.t.s.i.SchemaDropperImpl$DelayedDropActionImpl - HHH000478: Unsuccessful: drop table if exists gsc.seller_brand CASCADE 
2026-03-20 01:39:17.396 ERROR [SpringApplicationShutdownHook] o.h.t.s.i.SchemaDropperImpl$DelayedDropActionImpl - HHH000478: Unsuccessful: drop table if exists gsc.admin_permission CASCADE 
2026-03-20 01:39:17.400 ERROR [SpringApplicationShutdownHook] o.h.t.s.i.SchemaDropperImpl$DelayedDropActionImpl - HHH000478: Unsuccessful: drop table if exists gsc.admin_points_reset CASCADE 
2026-03-20 01:39:17.400 ERROR [SpringApplicationShutdownHook] o.h.t.s.i.SchemaDropperImpl$DelayedDropActionImpl - HHH000478: Unsuccessful: drop table if exists gsc.bill_notes CASCADE 
2026-03-20 01:39:17.400 ERROR [SpringApplicationShutdownHook] o.h.t.s.i.SchemaDropperImpl$DelayedDropActionImpl - HHH000478: Unsuccessful: drop table if exists gsc.bill_product CASCADE 
2026-03-20 01:39:17.400 ERROR [SpringApplicationShutdownHook] o.h.t.s.i.SchemaDropperImpl$DelayedDropActionImpl - HHH000478: Unsuccessful: drop table if exists gsc.bill_type CASCADE 
2026-03-20 01:39:17.400 ERROR [SpringApplicationShutdownHook] o.h.t.s.i.SchemaDropperImpl$DelayedDropActionImpl - HHH000478: Unsuccessful: drop table if exists gsc.c_account_type CASCADE 
2026-03-20 01:39:17.400 ERROR [SpringApplicationShutdownHook] o.h.t.s.i.SchemaDropperImpl$DelayedDropActionImpl - HHH000478: Unsuccessful: drop table if exists gsc.c_bill_status CASCADE 
2026-03-20 01:39:17.401 ERROR [SpringApplicationShutdownHook] o.h.t.s.i.SchemaDropperImpl$DelayedDropActionImpl - HHH000478: Unsuccessful: drop table if exists gsc.c_bills_status_text CASCADE 
2026-03-20 01:39:17.401 ERROR [SpringApplicationShutdownHook] o.h.t.s.i.SchemaDropperImpl$DelayedDropActionImpl - HHH000478: Unsuccessful: drop table if exists gsc.discount_type CASCADE 
2026-03-20 01:39:17.401 ERROR [SpringApplicationShutdownHook] o.h.t.s.i.SchemaDropperImpl$DelayedDropActionImpl - HHH000478: Unsuccessful: drop table if exists gsc.featured_brands CASCADE 
2026-03-20 01:39:17.401 ERROR [SpringApplicationShutdownHook] o.h.t.s.i.SchemaDropperImpl$DelayedDropActionImpl - HHH000478: Unsuccessful: drop table if exists gsc.job_card CASCADE 
2026-03-20 01:39:17.402 ERROR [SpringApplicationShutdownHook] o.h.t.s.i.SchemaDropperImpl$DelayedDropActionImpl - HHH000478: Unsuccessful: drop table if exists gsc.job_card_images CASCADE 
2026-03-20 01:39:17.402 ERROR [SpringApplicationShutdownHook] o.h.t.s.i.SchemaDropperImpl$DelayedDropActionImpl - HHH000478: Unsuccessful: drop table if exists gsc.job_card_notes CASCADE 
2026-03-20 01:39:17.402 ERROR [SpringApplicationShutdownHook] o.h.t.s.i.SchemaDropperImpl$DelayedDropActionImpl - HHH000478: Unsuccessful: drop table if exists gsc.job_card_product CASCADE 
2026-03-20 01:39:17.402 ERROR [SpringApplicationShutdownHook] o.h.t.s.i.SchemaDropperImpl$DelayedDropActionImpl - HHH000478: Unsuccessful: drop table if exists gsc.oe_number CASCADE 
2026-03-20 01:39:17.402 ERROR [SpringApplicationShutdownHook] o.h.t.s.i.SchemaDropperImpl$DelayedDropActionImpl - HHH000478: Unsuccessful: drop table if exists gsc.p_oe_number CASCADE 
2026-03-20 01:39:17.403 ERROR [SpringApplicationShutdownHook] o.h.t.s.i.SchemaDropperImpl$DelayedDropActionImpl - HHH000478: Unsuccessful: drop table if exists gsc.product_details_view CASCADE 
2026-03-20 01:39:17.403 ERROR [SpringApplicationShutdownHook] o.h.t.s.i.SchemaDropperImpl$DelayedDropActionImpl - HHH000478: Unsuccessful: drop table if exists gsc.product_images CASCADE 
2026-03-20 01:39:17.403 ERROR [SpringApplicationShutdownHook] o.h.t.s.i.SchemaDropperImpl$DelayedDropActionImpl - HHH000478: Unsuccessful: drop table if exists gsc.product_manufacturer CASCADE 
2026-03-20 01:39:17.403 ERROR [SpringApplicationShutdownHook] o.h.t.s.i.SchemaDropperImpl$DelayedDropActionImpl - HHH000478: Unsuccessful: drop table if exists gsc.product_model CASCADE 
2026-03-20 01:39:17.404 ERROR [SpringApplicationShutdownHook] o.h.t.s.i.SchemaDropperImpl$DelayedDropActionImpl - HHH000478: Unsuccessful: drop table if exists gsc.product_model_seller_brand CASCADE 
2026-03-20 01:39:17.404 ERROR [SpringApplicationShutdownHook] o.h.t.s.i.SchemaDropperImpl$DelayedDropActionImpl - HHH000478: Unsuccessful: drop table if exists gsc.product_oe_number CASCADE 
2026-03-20 01:39:17.404 ERROR [SpringApplicationShutdownHook] o.h.t.s.i.SchemaDropperImpl$DelayedDropActionImpl - HHH000478: Unsuccessful: drop table if exists gsc.product_type CASCADE 
2026-03-20 01:39:17.404 ERROR [SpringApplicationShutdownHook] o.h.t.s.i.SchemaDropperImpl$DelayedDropActionImpl - HHH000478: Unsuccessful: drop table if exists gsc.product_vehicle CASCADE 
2026-03-20 01:39:17.404 ERROR [SpringApplicationShutdownHook] o.h.t.s.i.SchemaDropperImpl$DelayedDropActionImpl - HHH000478: Unsuccessful: drop table if exists gsc.seller_brand CASCADE 
2026-03-20 09:10:11.624 ERROR [SpringApplicationShutdownHook] o.h.t.s.i.SchemaDropperImpl$DelayedDropActionImpl - HHH000478: Unsuccessful: drop table if exists gsc.admin_permission CASCADE 
2026-03-20 09:10:11.654 ERROR [SpringApplicationShutdownHook] o.h.t.s.i.SchemaDropperImpl$DelayedDropActionImpl - HHH000478: Unsuccessful: drop table if exists gsc.admin_points_reset CASCADE 
2026-03-20 09:10:11.654 ERROR [SpringApplicationShutdownHook] o.h.t.s.i.SchemaDropperImpl$DelayedDropActionImpl - HHH000478: Unsuccessful: drop table if exists gsc.bill_notes CASCADE 
2026-03-20 09:10:11.654 ERROR [SpringApplicationShutdownHook] o.h.t.s.i.SchemaDropperImpl$DelayedDropActionImpl - HHH000478: Unsuccessful: drop table if exists gsc.bill_product CASCADE 
2026-03-20 09:10:11.654 ERROR [SpringApplicationShutdownHook] o.h.t.s.i.SchemaDropperImpl$DelayedDropActionImpl - HHH000478: Unsuccessful: drop table if exists gsc.bill_type CASCADE 
2026-03-20 09:10:11.654 ERROR [SpringApplicationShutdownHook] o.h.t.s.i.SchemaDropperImpl$DelayedDropActionImpl - HHH000478: Unsuccessful: drop table if exists gsc.c_account_type CASCADE 
2026-03-20 09:10:11.654 ERROR [SpringApplicationShutdownHook] o.h.t.s.i.SchemaDropperImpl$DelayedDropActionImpl - HHH000478: Unsuccessful: drop table if exists gsc.c_bill_status CASCADE 
2026-03-20 09:10:11.654 ERROR [SpringApplicationShutdownHook] o.h.t.s.i.SchemaDropperImpl$DelayedDropActionImpl - HHH000478: Unsuccessful: drop table if exists gsc.c_bills_status_text CASCADE 
2026-03-20 09:10:11.654 ERROR [SpringApplicationShutdownHook] o.h.t.s.i.SchemaDropperImpl$DelayedDropActionImpl - HHH000478: Unsuccessful: drop table if exists gsc.discount_type CASCADE 
2026-03-20 09:10:11.655 ERROR [SpringApplicationShutdownHook] o.h.t.s.i.SchemaDropperImpl$DelayedDropActionImpl - HHH000478: Unsuccessful: drop table if exists gsc.featured_brands CASCADE 
2026-03-20 09:10:11.655 ERROR [SpringApplicationShutdownHook] o.h.t.s.i.SchemaDropperImpl$DelayedDropActionImpl - HHH000478: Unsuccessful: drop table if exists gsc.job_card CASCADE 
2026-03-20 09:10:11.655 ERROR [SpringApplicationShutdownHook] o.h.t.s.i.SchemaDropperImpl$DelayedDropActionImpl - HHH000478: Unsuccessful: drop table if exists gsc.job_card_images CASCADE 
2026-03-20 09:10:11.655 ERROR [SpringApplicationShutdownHook] o.h.t.s.i.SchemaDropperImpl$DelayedDropActionImpl - HHH000478: Unsuccessful: drop table if exists gsc.job_card_notes CASCADE 
2026-03-20 09:10:11.655 ERROR [SpringApplicationShutdownHook] o.h.t.s.i.SchemaDropperImpl$DelayedDropActionImpl - HHH000478: Unsuccessful: drop table if exists gsc.job_card_product CASCADE 
2026-03-20 09:10:11.655 ERROR [SpringApplicationShutdownHook] o.h.t.s.i.SchemaDropperImpl$DelayedDropActionImpl - HHH000478: Unsuccessful: drop table if exists gsc.oe_number CASCADE 
2026-03-20 09:10:11.655 ERROR [SpringApplicationShutdownHook] o.h.t.s.i.SchemaDropperImpl$DelayedDropActionImpl - HHH000478: Unsuccessful: drop table if exists gsc.p_oe_number CASCADE 
2026-03-20 09:10:11.655 ERROR [SpringApplicationShutdownHook] o.h.t.s.i.SchemaDropperImpl$DelayedDropActionImpl - HHH000478: Unsuccessful: drop table if exists gsc.product_details_view CASCADE 
2026-03-20 09:10:11.655 ERROR [SpringApplicationShutdownHook] o.h.t.s.i.SchemaDropperImpl$DelayedDropActionImpl - HHH000478: Unsuccessful: drop table if exists gsc.product_images CASCADE 
2026-03-20 09:10:11.655 ERROR [SpringApplicationShutdownHook] o.h.t.s.i.SchemaDropperImpl$DelayedDropActionImpl - HHH000478: Unsuccessful: drop table if exists gsc.product_manufacturer CASCADE 
2026-03-20 09:10:11.655 ERROR [SpringApplicationShutdownHook] o.h.t.s.i.SchemaDropperImpl$DelayedDropActionImpl - HHH000478: Unsuccessful: drop table if exists gsc.product_model CASCADE 
2026-03-20 09:10:11.656 ERROR [SpringApplicationShutdownHook] o.h.t.s.i.SchemaDropperImpl$DelayedDropActionImpl - HHH000478: Unsuccessful: drop table if exists gsc.product_model_seller_brand CASCADE 
2026-03-20 09:10:11.656 ERROR [SpringApplicationShutdownHook] o.h.t.s.i.SchemaDropperImpl$DelayedDropActionImpl - HHH000478: Unsuccessful: drop table if exists gsc.product_oe_number CASCADE 
2026-03-20 09:10:11.656 ERROR [SpringApplicationShutdownHook] o.h.t.s.i.SchemaDropperImpl$DelayedDropActionImpl - HHH000478: Unsuccessful: drop table if exists gsc.product_type CASCADE 
2026-03-20 09:10:11.656 ERROR [SpringApplicationShutdownHook] o.h.t.s.i.SchemaDropperImpl$DelayedDropActionImpl - HHH000478: Unsuccessful: drop table if exists gsc.product_vehicle CASCADE 
2026-03-20 09:10:11.656 ERROR [SpringApplicationShutdownHook] o.h.t.s.i.SchemaDropperImpl$DelayedDropActionImpl - HHH000478: Unsuccessful: drop table if exists gsc.seller_brand CASCADE 
2026-03-20 09:37:49.449 ERROR [SpringApplicationShutdownHook] o.h.t.s.i.SchemaDropperImpl$DelayedDropActionImpl - HHH000478: Unsuccessful: drop table if exists gsc.admin_permission CASCADE 
2026-03-20 09:37:49.451 ERROR [SpringApplicationShutdownHook] o.h.t.s.i.SchemaDropperImpl$DelayedDropActionImpl - HHH000478: Unsuccessful: drop table if exists gsc.admin_points_reset CASCADE 
2026-03-20 09:37:49.452 ERROR [SpringApplicationShutdownHook] o.h.t.s.i.SchemaDropperImpl$DelayedDropActionImpl - HHH000478: Unsuccessful: drop table if exists gsc.bill_notes CASCADE 
2026-03-20 09:37:49.452 ERROR [SpringApplicationShutdownHook] o.h.t.s.i.SchemaDropperImpl$DelayedDropActionImpl - HHH000478: Unsuccessful: drop table if exists gsc.bill_product CASCADE 
2026-03-20 09:37:49.452 ERROR [SpringApplicationShutdownHook] o.h.t.s.i.SchemaDropperImpl$DelayedDropActionImpl - HHH000478: Unsuccessful: drop table if exists gsc.bill_type CASCADE 
2026-03-20 09:37:49.452 ERROR [SpringApplicationShutdownHook] o.h.t.s.i.SchemaDropperImpl$DelayedDropActionImpl - HHH000478: Unsuccessful: drop table if exists gsc.c_account_type CASCADE 
2026-03-20 09:37:49.452 ERROR [SpringApplicationShutdownHook] o.h.t.s.i.SchemaDropperImpl$DelayedDropActionImpl - HHH000478: Unsuccessful: drop table if exists gsc.c_bill_status CASCADE 
2026-03-20 09:37:49.453 ERROR [SpringApplicationShutdownHook] o.h.t.s.i.SchemaDropperImpl$DelayedDropActionImpl - HHH000478: Unsuccessful: drop table if exists gsc.c_bills_status_text CASCADE 
2026-03-20 09:37:49.453 ERROR [SpringApplicationShutdownHook] o.h.t.s.i.SchemaDropperImpl$DelayedDropActionImpl - HHH000478: Unsuccessful: drop table if exists gsc.discount_type CASCADE 
2026-03-20 09:37:49.453 ERROR [SpringApplicationShutdownHook] o.h.t.s.i.SchemaDropperImpl$DelayedDropActionImpl - HHH000478: Unsuccessful: drop table if exists gsc.featured_brands CASCADE 
2026-03-20 09:37:49.453 ERROR [SpringApplicationShutdownHook] o.h.t.s.i.SchemaDropperImpl$DelayedDropActionImpl - HHH000478: Unsuccessful: drop table if exists gsc.job_card CASCADE 
2026-03-20 09:37:49.453 ERROR [SpringApplicationShutdownHook] o.h.t.s.i.SchemaDropperImpl$DelayedDropActionImpl - HHH000478: Unsuccessful: drop table if exists gsc.job_card_images CASCADE 
2026-03-20 09:37:49.453 ERROR [SpringApplicationShutdownHook] o.h.t.s.i.SchemaDropperImpl$DelayedDropActionImpl - HHH000478: Unsuccessful: drop table if exists gsc.job_card_notes CASCADE 
2026-03-20 09:37:49.454 ERROR [SpringApplicationShutdownHook] o.h.t.s.i.SchemaDropperImpl$DelayedDropActionImpl - HHH000478: Unsuccessful: drop table if exists gsc.job_card_product CASCADE 
2026-03-20 09:37:49.454 ERROR [SpringApplicationShutdownHook] o.h.t.s.i.SchemaDropperImpl$DelayedDropActionImpl - HHH000478: Unsuccessful: drop table if exists gsc.oe_number CASCADE 
2026-03-20 09:37:49.454 ERROR [SpringApplicationShutdownHook] o.h.t.s.i.SchemaDropperImpl$DelayedDropActionImpl - HHH000478: Unsuccessful: drop table if exists gsc.p_oe_number CASCADE 
2026-03-20 09:37:49.454 ERROR [SpringApplicationShutdownHook] o.h.t.s.i.SchemaDropperImpl$DelayedDropActionImpl - HHH000478: Unsuccessful: drop table if exists gsc.product_details_view CASCADE 
2026-03-20 09:37:49.454 ERROR [SpringApplicationShutdownHook] o.h.t.s.i.SchemaDropperImpl$DelayedDropActionImpl - HHH000478: Unsuccessful: drop table if exists gsc.product_images CASCADE 
2026-03-20 09:37:49.454 ERROR [SpringApplicationShutdownHook] o.h.t.s.i.SchemaDropperImpl$DelayedDropActionImpl - HHH000478: Unsuccessful: drop table if exists gsc.product_manufacturer CASCADE 
2026-03-20 09:37:49.455 ERROR [SpringApplicationShutdownHook] o.h.t.s.i.SchemaDropperImpl$DelayedDropActionImpl - HHH000478: Unsuccessful: drop table if exists gsc.product_model CASCADE 
2026-03-20 09:37:49.455 ERROR [SpringApplicationShutdownHook] o.h.t.s.i.SchemaDropperImpl$DelayedDropActionImpl - HHH000478: Unsuccessful: drop table if exists gsc.product_model_seller_brand CASCADE 
2026-03-20 09:37:49.455 ERROR [SpringApplicationShutdownHook] o.h.t.s.i.SchemaDropperImpl$DelayedDropActionImpl - HHH000478: Unsuccessful: drop table if exists gsc.product_oe_number CASCADE 
2026-03-20 09:37:49.455 ERROR [SpringApplicationShutdownHook] o.h.t.s.i.SchemaDropperImpl$DelayedDropActionImpl - HHH000478: Unsuccessful: drop table if exists gsc.product_type CASCADE 
2026-03-20 09:37:49.455 ERROR [SpringApplicationShutdownHook] o.h.t.s.i.SchemaDropperImpl$DelayedDropActionImpl - HHH000478: Unsuccessful: drop table if exists gsc.product_vehicle CASCADE 
2026-03-20 09:37:49.455 ERROR [SpringApplicationShutdownHook] o.h.t.s.i.SchemaDropperImpl$DelayedDropActionImpl - HHH000478: Unsuccessful: drop table if exists gsc.seller_brand CASCADE 
