2026-03-21 01:42:04.786 ERROR [SpringApplicationShutdownHook] o.h.t.s.i.SchemaDropperImpl$DelayedDropActionImpl - HHH000478: Unsuccessful: drop table if exists gsc.admin_permission CASCADE 
2026-03-21 01:42:04.796 ERROR [SpringApplicationShutdownHook] o.h.t.s.i.SchemaDropperImpl$DelayedDropActionImpl - HHH000478: Unsuccessful: drop table if exists gsc.admin_points_reset CASCADE 
2026-03-21 01:42:04.796 ERROR [SpringApplicationShutdownHook] o.h.t.s.i.SchemaDropperImpl$DelayedDropActionImpl - HHH000478: Unsuccessful: drop table if exists gsc.bill_notes CASCADE 
2026-03-21 01:42:04.796 ERROR [SpringApplicationShutdownHook] o.h.t.s.i.SchemaDropperImpl$DelayedDropActionImpl - HHH000478: Unsuccessful: drop table if exists gsc.bill_product CASCADE 
2026-03-21 01:42:04.797 ERROR [SpringApplicationShutdownHook] o.h.t.s.i.SchemaDropperImpl$DelayedDropActionImpl - HHH000478: Unsuccessful: drop table if exists gsc.bill_type CASCADE 
2026-03-21 01:42:04.797 ERROR [SpringApplicationShutdownHook] o.h.t.s.i.SchemaDropperImpl$DelayedDropActionImpl - HHH000478: Unsuccessful: drop table if exists gsc.c_account_type CASCADE 
2026-03-21 01:42:04.797 ERROR [SpringApplicationShutdownHook] o.h.t.s.i.SchemaDropperImpl$DelayedDropActionImpl - HHH000478: Unsuccessful: drop table if exists gsc.c_bill_status CASCADE 
2026-03-21 01:42:04.797 ERROR [SpringApplicationShutdownHook] o.h.t.s.i.SchemaDropperImpl$DelayedDropActionImpl - HHH000478: Unsuccessful: drop table if exists gsc.c_bills_status_text CASCADE 
2026-03-21 01:42:04.798 ERROR [SpringApplicationShutdownHook] o.h.t.s.i.SchemaDropperImpl$DelayedDropActionImpl - HHH000478: Unsuccessful: drop table if exists gsc.discount_type CASCADE 
2026-03-21 01:42:04.798 ERROR [SpringApplicationShutdownHook] o.h.t.s.i.SchemaDropperImpl$DelayedDropActionImpl - HHH000478: Unsuccessful: drop table if exists gsc.featured_brands CASCADE 
2026-03-21 01:42:04.798 ERROR [SpringApplicationShutdownHook] o.h.t.s.i.SchemaDropperImpl$DelayedDropActionImpl - HHH000478: Unsuccessful: drop table if exists gsc.job_card CASCADE 
2026-03-21 01:42:04.798 ERROR [SpringApplicationShutdownHook] o.h.t.s.i.SchemaDropperImpl$DelayedDropActionImpl - HHH000478: Unsuccessful: drop table if exists gsc.job_card_images CASCADE 
2026-03-21 01:42:04.798 ERROR [SpringApplicationShutdownHook] o.h.t.s.i.SchemaDropperImpl$DelayedDropActionImpl - HHH000478: Unsuccessful: drop table if exists gsc.job_card_notes CASCADE 
2026-03-21 01:42:04.799 ERROR [SpringApplicationShutdownHook] o.h.t.s.i.SchemaDropperImpl$DelayedDropActionImpl - HHH000478: Unsuccessful: drop table if exists gsc.job_card_product CASCADE 
2026-03-21 01:42:04.799 ERROR [SpringApplicationShutdownHook] o.h.t.s.i.SchemaDropperImpl$DelayedDropActionImpl - HHH000478: Unsuccessful: drop table if exists gsc.oe_number CASCADE 
2026-03-21 01:42:04.799 ERROR [SpringApplicationShutdownHook] o.h.t.s.i.SchemaDropperImpl$DelayedDropActionImpl - HHH000478: Unsuccessful: drop table if exists gsc.p_oe_number CASCADE 
2026-03-21 01:42:04.799 ERROR [SpringApplicationShutdownHook] o.h.t.s.i.SchemaDropperImpl$DelayedDropActionImpl - HHH000478: Unsuccessful: drop table if exists gsc.product_details_view CASCADE 
2026-03-21 01:42:04.799 ERROR [SpringApplicationShutdownHook] o.h.t.s.i.SchemaDropperImpl$DelayedDropActionImpl - HHH000478: Unsuccessful: drop table if exists gsc.product_images CASCADE 
2026-03-21 01:42:04.799 ERROR [SpringApplicationShutdownHook] o.h.t.s.i.SchemaDropperImpl$DelayedDropActionImpl - HHH000478: Unsuccessful: drop table if exists gsc.product_manufacturer CASCADE 
2026-03-21 01:42:04.799 ERROR [SpringApplicationShutdownHook] o.h.t.s.i.SchemaDropperImpl$DelayedDropActionImpl - HHH000478: Unsuccessful: drop table if exists gsc.product_model CASCADE 
2026-03-21 01:42:04.801 ERROR [SpringApplicationShutdownHook] o.h.t.s.i.SchemaDropperImpl$DelayedDropActionImpl - HHH000478: Unsuccessful: drop table if exists gsc.product_model_seller_brand CASCADE 
2026-03-21 01:42:04.801 ERROR [SpringApplicationShutdownHook] o.h.t.s.i.SchemaDropperImpl$DelayedDropActionImpl - HHH000478: Unsuccessful: drop table if exists gsc.product_oe_number CASCADE 
2026-03-21 01:42:04.801 ERROR [SpringApplicationShutdownHook] o.h.t.s.i.SchemaDropperImpl$DelayedDropActionImpl - HHH000478: Unsuccessful: drop table if exists gsc.product_type CASCADE 
2026-03-21 01:42:04.801 ERROR [SpringApplicationShutdownHook] o.h.t.s.i.SchemaDropperImpl$DelayedDropActionImpl - HHH000478: Unsuccessful: drop table if exists gsc.product_vehicle CASCADE 
2026-03-21 01:42:04.801 ERROR [SpringApplicationShutdownHook] o.h.t.s.i.SchemaDropperImpl$DelayedDropActionImpl - HHH000478: Unsuccessful: drop table if exists gsc.seller_brand CASCADE 
